<?xml version="1.0" encoding="UTF-8"?>
<!-- Generated by org.testng.reporters.JUnitXMLReporter -->
<testsuite ignored="0" hostname="Prabuddhika-PC" failures="0" tests="5" name="Command line test" time="65.883" errors="0" timestamp="12 Jul 2023 17:22:35 GMT">
  <testcase classname="com.automationdemo.testcases.HomePageTest" name="homePageLogoTest" time="5.524"/>
  <testcase classname="com.automationdemo.testcases.LogonPageTest" name="loginPageLogoTest" time="0.06"/>
  <testcase classname="com.automationdemo.testcases.HomePageTest" name="homePageTaskLinkTest" time="7.468"/>
  <testcase classname="com.automationdemo.testcases.LogonPageTest" name="LoginTest" time="0.428"/>
  <testcase classname="com.automationdemo.testcases.LogonPageTest" name="LoginTest" time="0.336"/>
</testsuite> <!-- Command line test -->
