<?xml version="1.0" encoding="UTF-8"?>
<!-- Generated by org.testng.reporters.JUnitXMLReporter -->
<testsuite ignored="0" hostname="Prabuddhika-PC" failures="1" tests="5" name="Command line test" time="46.723" errors="0" timestamp="12 Jul 2023 19:59:47 GMT">
  <testcase classname="com.example.automationdemo.testcases.HomePageTest" name="homePageLogoTest" time="5.198"/>
  <testcase classname="com.example.automationdemo.testcases.LogonPageTest" name="loginPageLogoTest" time="0.067"/>
  <testcase classname="com.example.automationdemo.testcases.UserPageTest" name="loginPageLogoTest" time="0.004">
    <failure type="java.lang.NullPointerException" message="Cannot invoke &amp;quot;com.example.automationdemo.pages.UserPage.clickOnUser()&amp;quot; because &amp;quot;this.userPage&amp;quot; is null">
      <![CDATA[java.lang.NullPointerException: Cannot invoke "com.example.automationdemo.pages.UserPage.clickOnUser()" because "this.userPage" is null
at com.example.automationdemo.testcases.UserPageTest.loginPageLogoTest(UserPageTest.java:29)
... Removed 31 stack frames]]>
    </failure>
  </testcase> <!-- loginPageLogoTest -->
  <testcase classname="com.example.automationdemo.testcases.HomePageTest" name="homePageTaskLinkTest" time="6.911"/>
  <testcase classname="com.example.automationdemo.testcases.LogonPageTest" name="LoginTest" time="0.0">
    <skipped/>
  </testcase> <!-- LoginTest -->
</testsuite> <!-- Command line test -->
